Unity3D Vuforia_AR_2/construction/AR Images/Library/Bee/Android/Prj/IL2CPP/Gradle/unityLibrary/build/intermediates/manifest_merge_blame_file/release/manifest-merger-blame-release-report.txt
1<?xml version="1.0" encoding="utf-8"?>
2<manifest xmlns:android="http://schemas.android.com/apk/res/android"
3    xmlns:tools="http://schemas.android.com/tools"
4    package="com.unity3d.player" >
5
6    <uses-sdk android:minSdkVersion="26" />
6-->src\main\AndroidManifest.xml
7
8    <uses-permission android:name="android.permission.INTERNET" />
8-->src\main\AndroidManifest.xml:3:3-65
8-->src\main\AndroidManifest.xml:3:20-62
9    <uses-permission android:name="android.permission.CAMERA" />
9-->src\main\AndroidManifest.xml:4:3-63
9-->src\main\AndroidManifest.xml:4:20-60
10
11    <uses-feature android:glEsVersion="0x00030000" />
11-->src\main\AndroidManifest.xml:5:3-52
11-->src\main\AndroidManifest.xml:5:17-49
12    <uses-feature
12-->src\main\AndroidManifest.xml:6:3-83
13        android:name="android.hardware.camera"
13-->src\main\AndroidManifest.xml:6:17-55
14        android:required="false" />
14-->src\main\AndroidManifest.xml:6:56-80
15    <uses-feature
15-->src\main\AndroidManifest.xml:7:3-93
16        android:name="android.hardware.camera.autofocus"
16-->src\main\AndroidManifest.xml:7:17-65
17        android:required="false" />
17-->src\main\AndroidManifest.xml:7:66-90
18    <uses-feature
18-->src\main\AndroidManifest.xml:8:3-89
19        android:name="android.hardware.camera.front"
19-->src\main\AndroidManifest.xml:8:17-61
20        android:required="false" />
20-->src\main\AndroidManifest.xml:8:62-86
21    <uses-feature
21-->src\main\AndroidManifest.xml:9:3-88
22        android:name="android.hardware.touchscreen"
22-->src\main\AndroidManifest.xml:9:17-60
23        android:required="false" />
23-->src\main\AndroidManifest.xml:9:61-85
24    <uses-feature
24-->src\main\AndroidManifest.xml:10:3-99
25        android:name="android.hardware.touchscreen.multitouch"
25-->src\main\AndroidManifest.xml:10:17-71
26        android:required="false" />
26-->src\main\AndroidManifest.xml:10:72-96
27    <uses-feature
27-->src\main\AndroidManifest.xml:11:3-108
28        android:name="android.hardware.touchscreen.multitouch.distinct"
28-->src\main\AndroidManifest.xml:11:17-80
29        android:required="false" />
29-->src\main\AndroidManifest.xml:11:81-105
30
31    <application android:extractNativeLibs="true" >
31-->src\main\AndroidManifest.xml:12:3-28:17
31-->src\main\AndroidManifest.xml:12:16-48
32        <meta-data
32-->src\main\AndroidManifest.xml:13:5-69
33            android:name="unity.splash-mode"
33-->src\main\AndroidManifest.xml:13:16-48
34            android:value="0" />
34-->src\main\AndroidManifest.xml:13:49-66
35        <meta-data
35-->src\main\AndroidManifest.xml:14:5-74
36            android:name="unity.splash-enable"
36-->src\main\AndroidManifest.xml:14:16-50
37            android:value="True" />
37-->src\main\AndroidManifest.xml:14:51-71
38        <meta-data
38-->src\main\AndroidManifest.xml:15:5-78
39            android:name="unity.launch-fullscreen"
39-->src\main\AndroidManifest.xml:15:16-54
40            android:value="True" />
40-->src\main\AndroidManifest.xml:15:55-75
41        <meta-data
41-->src\main\AndroidManifest.xml:16:5-84
42            android:name="unity.render-outside-safearea"
42-->src\main\AndroidManifest.xml:16:16-60
43            android:value="True" />
43-->src\main\AndroidManifest.xml:16:61-81
44        <meta-data
44-->src\main\AndroidManifest.xml:17:5-81
45            android:name="notch.config"
45-->src\main\AndroidManifest.xml:17:16-43
46            android:value="portrait|landscape" />
46-->src\main\AndroidManifest.xml:17:44-78
47        <meta-data
47-->src\main\AndroidManifest.xml:18:5-84
48            android:name="unity.auto-report-fully-drawn"
48-->src\main\AndroidManifest.xml:18:16-60
49            android:value="true" />
49-->src\main\AndroidManifest.xml:18:61-81
50
51        <activity
51-->src\main\AndroidManifest.xml:19:5-26:16
52            android:name="com.unity3d.player.UnityPlayerActivity"
52-->src\main\AndroidManifest.xml:19:15-68
53            android:configChanges="mcc|mnc|locale|touchscreen|keyboard|keyboardHidden|navigation|orientation|screenLayout|uiMode|screenSize|smallestScreenSize|fontScale|layoutDirection|density"
53-->src\main\AndroidManifest.xml:19:181-362
54            android:exported="true"
54-->src\main\AndroidManifest.xml:19:434-457
55            android:hardwareAccelerated="false"
55-->src\main\AndroidManifest.xml:19:398-433
56            android:launchMode="singleTask"
56-->src\main\AndroidManifest.xml:19:149-180
57            android:resizeableActivity="false"
57-->src\main\AndroidManifest.xml:19:363-397
58            android:screenOrientation="landscape"
58-->src\main\AndroidManifest.xml:19:111-148
59            android:theme="@style/UnityThemeSelector" >
59-->src\main\AndroidManifest.xml:19:69-110
60            <intent-filter>
60-->src\main\AndroidManifest.xml:20:7-23:23
61                <category android:name="android.intent.category.LAUNCHER" />
61-->src\main\AndroidManifest.xml:21:9-69
61-->src\main\AndroidManifest.xml:21:19-66
62
63                <action android:name="android.intent.action.MAIN" />
63-->src\main\AndroidManifest.xml:22:9-61
63-->src\main\AndroidManifest.xml:22:17-58
64            </intent-filter>
65
66            <meta-data
66-->src\main\AndroidManifest.xml:24:7-82
67                android:name="unityplayer.UnityActivity"
67-->src\main\AndroidManifest.xml:24:18-58
68                android:value="true" />
68-->src\main\AndroidManifest.xml:24:59-79
69            <meta-data
69-->src\main\AndroidManifest.xml:25:7-70
70                android:name="notch_support"
70-->src\main\AndroidManifest.xml:25:18-46
71                android:value="true" />
71-->src\main\AndroidManifest.xml:25:47-67
72        </activity>
73
74        <meta-data
74-->src\main\AndroidManifest.xml:27:5-77
75            android:name="com.google.ar.core"
75-->src\main\AndroidManifest.xml:27:16-49
76            android:value="optional" />
76-->src\main\AndroidManifest.xml:27:50-74
77    </application>
78
79</manifest>